2010-04-02 15:30:45 Notice: Notice (8): Undefined index:  Event in [APP/controllers/people_controller.php, line 89]
2010-04-02 15:30:45 Notice: Notice (8): Undefined index:  Event in [APP/controllers/people_controller.php, line 92]
2010-04-04 00:55:34 Notice: Notice (8): Undefined variable: paginator in [APP/views/events/report.ctp, line 13]
2010-04-04 00:58:02 Notice: Notice (8): Undefined variable: paginator in [APP/views/events/report.ctp, line 14]
2010-04-04 00:58:12 Notice: Notice (8): Undefined variable: paginator in [APP/views/events/report.ctp, line 14]
2010-04-04 00:59:50 Notice: Notice (8): Undefined variable: events in [APP/views/events/report.ctp, line 21]
2010-04-04 00:59:50 Notice: Notice (8): Undefined variable: paginator in [APP/views/events/report.ctp, line 52]
2010-04-04 01:11:16 Notice: Notice (8): Undefined variable: events in [APP/views/events/report.ctp, line 21]
2010-04-04 01:11:16 Notice: Notice (8): Undefined variable: paginator in [APP/views/events/report.ctp, line 52]
2010-04-04 20:18:27 Notice: Notice (8): Undefined offset:  0 in [APP/views/elements/email/text/simple_message.ctp, line 2]
2010-04-04 20:18:27 Notice: Notice (8): Undefined offset:  0 in [APP/views/elements/email/text/simple_message.ctp, line 4]
2010-04-04 20:18:27 Notice: Notice (8): Undefined offset:  0 in [APP/views/elements/email/text/simple_message.ctp, line 6]
2010-04-04 20:18:27 Notice: Notice (8): Undefined offset:  0 in [APP/views/elements/email/text/simple_message.ctp, line 8]
2010-04-04 20:18:27 Notice: Notice (8): Undefined offset:  0 in [APP/views/people/thankyou.ctp, line 17]
2010-04-04 20:18:27 Notice: Notice (8): Undefined offset:  0 in [APP/views/people/thankyou.ctp, line 18]
2010-04-04 20:18:27 Notice: Notice (8): Undefined offset:  0 in [APP/views/people/thankyou.ctp, line 19]
2010-04-04 20:18:27 Notice: Notice (8): Undefined offset:  0 in [APP/views/people/thankyou.ctp, line 20]
2010-04-04 20:18:27 Notice: Notice (8): Undefined offset:  0 in [APP/views/people/thankyou.ctp, line 21]
2010-04-04 20:18:29 Notice: Notice (8): Undefined offset:  0 in [APP/views/elements/email/text/simple_message.ctp, line 2]
2010-04-04 20:18:29 Notice: Notice (8): Undefined offset:  0 in [APP/views/elements/email/text/simple_message.ctp, line 4]
2010-04-04 20:18:29 Notice: Notice (8): Undefined offset:  0 in [APP/views/elements/email/text/simple_message.ctp, line 6]
2010-04-04 20:18:29 Notice: Notice (8): Undefined offset:  0 in [APP/views/elements/email/text/simple_message.ctp, line 8]
2010-04-04 20:18:29 Notice: Notice (8): Undefined offset:  0 in [APP/views/people/thankyou.ctp, line 17]
2010-04-04 20:18:29 Notice: Notice (8): Undefined offset:  0 in [APP/views/people/thankyou.ctp, line 18]
2010-04-04 20:18:29 Notice: Notice (8): Undefined offset:  0 in [APP/views/people/thankyou.ctp, line 19]
2010-04-04 20:18:29 Notice: Notice (8): Undefined offset:  0 in [APP/views/people/thankyou.ctp, line 20]
2010-04-04 20:18:29 Notice: Notice (8): Undefined offset:  0 in [APP/views/people/thankyou.ctp, line 21]
2010-04-09 12:44:14 Notice: Notice (8): Undefined index:  Event in [APP/controllers/people_controller.php, line 89]
2010-04-09 12:44:14 Notice: Notice (8): Undefined index:  Event in [APP/controllers/people_controller.php, line 92]
2010-04-10 12:27:24 Notice: Notice (8): Undefined offset:  0 in [APP/views/elements/email/text/simple_message.ctp, line 2]
2010-04-10 12:27:24 Notice: Notice (8): Undefined offset:  0 in [APP/views/elements/email/text/simple_message.ctp, line 4]
2010-04-10 12:27:24 Notice: Notice (8): Undefined offset:  0 in [APP/views/elements/email/text/simple_message.ctp, line 6]
2010-04-10 12:27:25 Notice: Notice (8): Undefined offset:  0 in [APP/views/elements/email/text/simple_message.ctp, line 8]
2010-04-10 12:27:25 Notice: Notice (8): Undefined offset:  0 in [APP/views/people/thankyou.ctp, line 17]
2010-04-10 12:27:25 Notice: Notice (8): Undefined offset:  0 in [APP/views/people/thankyou.ctp, line 18]
2010-04-10 12:27:25 Notice: Notice (8): Undefined offset:  0 in [APP/views/people/thankyou.ctp, line 19]
2010-04-10 12:27:25 Notice: Notice (8): Undefined offset:  0 in [APP/views/people/thankyou.ctp, line 20]
2010-04-10 12:27:25 Notice: Notice (8): Undefined offset:  0 in [APP/views/people/thankyou.ctp, line 21]
2010-04-12 00:55:44 Notice: Notice (8): Undefined variable: debug in [APP/models/event.php, line 75]
2010-04-12 00:59:03 Notice: Notice (8): Undefined variable: debug in [APP/models/event.php, line 75]
2010-04-12 14:51:09 Notice: Notice (8): Undefined variable: debug in [APP/models/event.php, line 75]
2010-04-12 14:51:58 Notice: Notice (8): Undefined variable: debug in [APP/models/event.php, line 75]
2010-04-12 15:17:02 Notice: Notice (8): Undefined variable: debug in [APP/models/event.php, line 75]
2010-04-12 15:18:48 Notice: Notice (8): Undefined variable: debug in [APP/models/event.php, line 75]
2010-04-22 11:48:03 Notice: Notice (8): Undefined offset:  0 in [APP/views/elements/email/text/simple_message.ctp, line 2]
2010-04-22 11:48:03 Notice: Notice (8): Undefined offset:  0 in [APP/views/elements/email/text/simple_message.ctp, line 4]
2010-04-22 11:48:03 Notice: Notice (8): Undefined offset:  0 in [APP/views/elements/email/text/simple_message.ctp, line 6]
2010-04-22 11:48:04 Notice: Notice (8): Undefined offset:  0 in [APP/views/elements/email/text/simple_message.ctp, line 8]
2010-04-22 11:48:06 Notice: Notice (8): Undefined offset:  0 in [APP/views/people/thankyou.ctp, line 17]
2010-04-22 11:48:06 Notice: Notice (8): Undefined offset:  0 in [APP/views/people/thankyou.ctp, line 18]
2010-04-22 11:48:06 Notice: Notice (8): Undefined offset:  0 in [APP/views/people/thankyou.ctp, line 19]
2010-04-22 11:48:06 Notice: Notice (8): Undefined offset:  0 in [APP/views/people/thankyou.ctp, line 20]
2010-04-22 11:48:06 Notice: Notice (8): Undefined offset:  0 in [APP/views/people/thankyou.ctp, line 21]
2010-04-22 21:36:56 Notice: Notice (8): unserialize() [<a href='http://php.net/function.unserialize'>function.unserialize</a>]: Error at offset 5 of 5 bytes in [CORE/cake/libs/cache/file.php, line 179]
2010-04-29 12:17:27 Notice: Notice (8): Undefined index:  note in [APP/views/events/report.ctp, line 42]
2010-04-29 12:20:11 Notice: Notice (8): Undefined index:  note in [APP/views/events/report.ctp, line 44]
2010-04-29 12:22:46 Notice: Notice (8): Undefined offset:  0 in [APP/views/events/report.ctp, line 44]
2010-04-29 12:29:48 Notice: Notice (8): Undefined offset:  0 in [APP/views/events/report.ctp, line 44]
2010-04-29 15:00:09 Notice: Notice (8): Undefined offset:  0 in [APP/views/events/report.ctp, line 44]
2010-04-29 15:02:40 Notice: Notice (8): Undefined offset:  0 in [APP/views/events/report.ctp, line 44]
2010-04-29 15:07:40 Notice: Notice (8): Undefined offset:  0 in [APP/views/events/report.ctp, line 44]
2010-04-29 15:11:43 Notice: Notice (8): Undefined offset:  0 in [APP/views/events/report.ctp, line 44]
2010-04-29 15:24:24 Notice: Notice (8): Undefined offset:  0 in [APP/views/events/report.ctp, line 44]
2010-04-29 15:54:12 Notice: Notice (8): Undefined offset:  0 in [APP/views/events/report.ctp, line 44]
2010-04-29 15:54:17 Notice: Notice (8): Undefined offset:  0 in [APP/views/events/report.ctp, line 44]
2010-04-29 20:12:22 Notice: Notice (8): Undefined offset:  0 in [APP/views/events/report.ctp, line 44]
2010-04-29 20:14:02 Notice: Notice (8): Undefined offset:  0 in [APP/views/events/report.ctp, line 44]
2010-04-30 02:22:19 Notice: Notice (8): Undefined offset:  0 in [APP/views/events/report.ctp, line 44]
2010-04-30 02:44:38 Notice: Notice (8): Undefined offset:  0 in [APP/views/events/report.ctp, line 44]
2010-04-30 02:44:40 Notice: Notice (8): Undefined offset:  0 in [APP/views/events/report.ctp, line 44]
2010-04-30 12:39:56 Notice: Notice (8): Undefined offset:  0 in [APP/views/events/report.ctp, line 44]
2010-04-30 17:20:00 Notice: Notice (8): Undefined offset:  0 in [APP/views/events/report.ctp, line 44]
2010-04-30 18:02:09 Notice: Notice (8): Undefined offset:  0 in [APP/views/events/report.ctp, line 44]
2010-04-30 18:03:02 Notice: Notice (8): Undefined offset:  0 in [APP/views/events/report.ctp, line 44]
2010-04-30 18:06:27 Notice: Notice (8): Undefined offset:  0 in [APP/views/events/report.ctp, line 44]
2010-04-30 20:00:23 Notice: Notice (8): Undefined offset:  0 in [APP/views/events/report.ctp, line 44]
2010-05-01 14:21:21 Notice: Notice (8): Undefined offset:  0 in [APP/views/events/report.ctp, line 44]
2010-05-01 16:57:27 Notice: Notice (8): Undefined offset:  0 in [APP/views/events/report.ctp, line 44]
2010-05-01 19:52:47 Notice: Notice (8): Undefined offset:  0 in [APP/views/events/report.ctp, line 44]
2010-05-02 09:35:21 Notice: Notice (8): Undefined offset:  0 in [APP/views/events/report.ctp, line 44]
2010-05-02 16:24:02 Notice: Notice (8): Undefined offset:  0 in [APP/views/events/report.ctp, line 44]
2010-05-02 16:37:37 Notice: Notice (8): Undefined offset:  0 in [APP/views/events/report.ctp, line 44]
2010-05-02 16:37:41 Notice: Notice (8): Undefined offset:  0 in [APP/views/events/report.ctp, line 44]
2010-05-02 16:37:44 Notice: Notice (8): Undefined offset:  0 in [APP/views/events/report.ctp, line 44]
2010-05-02 16:39:30 Notice: Notice (8): Undefined offset:  0 in [APP/views/events/report.ctp, line 44]
2010-05-03 05:24:35 Notice: Notice (8): Undefined offset:  0 in [APP/views/events/report.ctp, line 44]
2010-05-03 13:45:16 Notice: Notice (8): Undefined offset:  0 in [APP/views/events/report.ctp, line 44]
2010-05-03 13:47:14 Notice: Notice (8): Undefined offset:  0 in [APP/views/events/report.ctp, line 44]
2010-05-03 15:54:28 Notice: Notice (8): Undefined offset:  0 in [APP/views/events/report.ctp, line 44]
2010-05-03 16:48:00 Notice: Notice (8): Undefined offset:  0 in [APP/views/events/report.ctp, line 44]
2010-05-03 17:35:43 Notice: Notice (8): Undefined offset:  0 in [APP/views/events/report.ctp, line 44]
2010-05-04 00:55:09 Notice: Notice (8): Undefined offset:  0 in [APP/views/elements/email/text/simple_message.ctp, line 2]
2010-05-04 00:55:09 Notice: Notice (8): Undefined offset:  0 in [APP/views/elements/email/text/simple_message.ctp, line 4]
2010-05-04 00:55:09 Notice: Notice (8): Undefined offset:  0 in [APP/views/elements/email/text/simple_message.ctp, line 6]
2010-05-04 00:55:09 Notice: Notice (8): Undefined offset:  0 in [APP/views/elements/email/text/simple_message.ctp, line 8]
2010-05-04 00:55:10 Notice: Notice (8): Undefined offset:  0 in [APP/views/people/thankyou.ctp, line 17]
2010-05-04 00:55:11 Notice: Notice (8): Undefined offset:  0 in [APP/views/people/thankyou.ctp, line 18]
2010-05-04 00:55:11 Notice: Notice (8): Undefined offset:  0 in [APP/views/people/thankyou.ctp, line 19]
2010-05-04 00:55:11 Notice: Notice (8): Undefined offset:  0 in [APP/views/people/thankyou.ctp, line 20]
2010-05-04 00:55:11 Notice: Notice (8): Undefined offset:  0 in [APP/views/people/thankyou.ctp, line 21]
2010-05-04 01:07:39 Notice: Notice (8): Undefined offset:  0 in [APP/views/elements/email/text/simple_message.ctp, line 2]
2010-05-04 01:07:39 Notice: Notice (8): Undefined offset:  0 in [APP/views/elements/email/text/simple_message.ctp, line 4]
2010-05-04 01:07:39 Notice: Notice (8): Undefined offset:  0 in [APP/views/elements/email/text/simple_message.ctp, line 6]
2010-05-04 01:07:39 Notice: Notice (8): Undefined offset:  0 in [APP/views/elements/email/text/simple_message.ctp, line 8]
2010-05-04 01:07:40 Notice: Notice (8): Undefined offset:  0 in [APP/views/people/thankyou.ctp, line 17]
2010-05-04 01:07:40 Notice: Notice (8): Undefined offset:  0 in [APP/views/people/thankyou.ctp, line 18]
2010-05-04 01:07:40 Notice: Notice (8): Undefined offset:  0 in [APP/views/people/thankyou.ctp, line 19]
2010-05-04 01:07:40 Notice: Notice (8): Undefined offset:  0 in [APP/views/people/thankyou.ctp, line 20]
2010-05-04 01:07:40 Notice: Notice (8): Undefined offset:  0 in [APP/views/people/thankyou.ctp, line 21]
2010-05-04 09:40:39 Notice: Notice (8): Undefined offset:  0 in [APP/views/events/report.ctp, line 44]
2010-05-04 09:43:35 Notice: Notice (8): Undefined offset:  0 in [APP/views/events/report.ctp, line 44]
2010-05-04 09:56:10 Notice: Notice (8): Undefined offset:  0 in [APP/views/events/report.ctp, line 44]
2010-05-04 13:25:38 Notice: Notice (8): Undefined offset:  0 in [APP/views/events/report.ctp, line 44]
2010-05-04 14:30:11 Notice: Notice (8): Undefined offset:  0 in [APP/views/events/report.ctp, line 44]
2010-05-04 14:53:35 Notice: Notice (8): Undefined offset:  0 in [APP/views/events/report.ctp, line 44]
2010-05-04 20:17:10 Notice: Notice (8): Undefined offset:  0 in [APP/views/events/report.ctp, line 44]
2010-05-04 20:23:07 Notice: Notice (8): Undefined offset:  0 in [APP/views/events/report.ctp, line 44]
2010-05-05 07:00:51 Notice: Notice (8): Undefined offset:  0 in [APP/views/events/report.ctp, line 44]
2010-05-05 08:50:51 Notice: Notice (8): Undefined offset:  0 in [APP/views/events/report.ctp, line 44]
2010-05-05 08:51:57 Notice: Notice (8): Undefined offset:  0 in [APP/views/events/report.ctp, line 44]
2010-05-05 13:01:47 Notice: Notice (8): Undefined offset:  0 in [APP/views/events/report.ctp, line 44]
2010-05-05 13:25:26 Notice: Notice (8): Undefined offset:  0 in [APP/views/events/report.ctp, line 44]
2010-05-05 13:43:26 Notice: Notice (8): Undefined offset:  0 in [APP/views/events/report.ctp, line 44]
2010-05-05 14:18:52 Notice: Notice (8): Undefined offset:  0 in [APP/views/events/report.ctp, line 44]
2010-05-05 14:32:24 Notice: Notice (8): Undefined offset:  0 in [APP/views/events/report.ctp, line 44]
2010-05-05 14:47:31 Notice: Notice (8): Undefined offset:  0 in [APP/views/events/report.ctp, line 52]
2010-05-05 15:23:40 Notice: Notice (8): Undefined offset:  0 in [APP/views/events/report.ctp, line 52]
2010-05-05 15:23:47 Notice: Notice (8): Undefined offset:  0 in [APP/views/events/report.ctp, line 52]
2010-05-05 16:06:05 Notice: Notice (8): Undefined offset:  0 in [APP/views/events/report.ctp, line 52]
2010-05-05 16:46:01 Notice: Notice (8): Undefined offset:  0 in [APP/views/events/report.ctp, line 73]
2010-05-05 18:22:36 Notice: Notice (8): Undefined offset:  0 in [APP/views/events/report.ctp, line 73]
2010-05-05 23:41:14 Notice: Notice (8): Undefined offset:  0 in [APP/views/events/report.ctp, line 73]
2010-05-06 02:45:15 Notice: Notice (8): Undefined offset:  0 in [APP/views/events/report.ctp, line 73]
2010-05-06 02:45:34 Notice: Notice (8): Undefined offset:  0 in [APP/views/events/report.ctp, line 73]
2010-05-06 10:54:51 Notice: Notice (8): Undefined offset:  0 in [APP/views/events/report.ctp, line 73]
2010-05-06 10:55:36 Notice: Notice (8): Undefined offset:  0 in [APP/views/events/report.ctp, line 73]
2010-05-06 15:39:45 Notice: Notice (8): Undefined offset:  0 in [APP/views/events/report.ctp, line 73]
2010-05-06 16:13:05 Notice: Notice (8): Undefined offset:  0 in [APP/views/events/report.ctp, line 73]
2010-05-06 16:13:08 Notice: Notice (8): Undefined offset:  0 in [APP/views/events/report.ctp, line 73]
2010-05-06 18:47:08 Notice: Notice (8): Undefined offset:  0 in [APP/views/events/report.ctp, line 73]
2010-05-06 20:55:21 Notice: Notice (8): Undefined offset:  0 in [APP/views/events/report.ctp, line 73]
2010-05-07 00:04:27 Notice: Notice (8): Undefined offset:  0 in [APP/views/events/report.ctp, line 73]
2010-05-07 00:04:31 Notice: Notice (8): Undefined offset:  0 in [APP/views/events/report.ctp, line 73]
2010-05-07 09:16:33 Notice: Notice (8): Undefined offset:  0 in [APP/views/events/report.ctp, line 73]
2010-05-07 09:16:36 Notice: Notice (8): Undefined offset:  0 in [APP/views/events/report.ctp, line 73]
