2010-03-21 14:57:09 Warning: Warning (512): Cache not configured properly. Please check Cache::config(); in APP/config/core.php in [CORE/cake/libs/configure.php, line 663]
2010-03-21 14:57:11 Warning: Warning (2): array_merge() [<a href='http://php.net/function.array-merge'>function.array-merge</a>]: Argument #1 is not an array in [CORE/cake/libs/configure.php, line 684]
2010-03-21 14:57:11 Warning: Warning (2): array_merge() [<a href='http://php.net/function.array-merge'>function.array-merge</a>]: Argument #1 is not an array in [CORE/cake/libs/configure.php, line 691]
2010-03-21 14:57:21 Warning: Warning (2): mysql_connect() [<a href='http://php.net/function.mysql-connect'>function.mysql-connect</a>]: Can't connect to local MySQL server through socket '/tmp/mysql.sock' (2) in [CORE/cake/libs/model/datasources/dbo/dbo_mysql.php, line 374]
2010-03-21 14:57:21 Warning: Warning (2): mysql_select_db(): supplied argument is not a valid MySQL-Link resource in [CORE/cake/libs/model/datasources/dbo/dbo_mysql.php, line 379]
2010-03-21 14:57:21 Warning: Warning (2): mysql_get_server_info(): supplied argument is not a valid MySQL-Link resource in [CORE/cake/libs/model/datasources/dbo/dbo_mysql.php, line 387]
2010-03-21 14:57:21 Warning: Warning (2): mysql_query(): supplied argument is not a valid MySQL-Link resource in [CORE/cake/libs/model/datasources/dbo/dbo_mysql.php, line 411]
2010-03-21 18:46:41 Warning: Warning (512): Cache not configured properly. Please check Cache::config(); in APP/config/core.php in [CORE/cake/libs/configure.php, line 663]
2010-03-21 18:46:41 Warning: Warning (2): array_merge() [<a href='http://php.net/function.array-merge'>function.array-merge</a>]: Argument #1 is not an array in [CORE/cake/libs/configure.php, line 684]
2010-03-21 18:46:41 Warning: Warning (2): array_merge() [<a href='http://php.net/function.array-merge'>function.array-merge</a>]: Argument #1 is not an array in [CORE/cake/libs/configure.php, line 691]
2010-03-21 19:16:40 Warning: Warning (512): Cache not configured properly. Please check Cache::config(); in APP/config/core.php in [CORE/cake/libs/configure.php, line 663]
2010-03-21 19:16:40 Warning: Warning (2): array_merge() [<a href='http://php.net/function.array-merge'>function.array-merge</a>]: Argument #1 is not an array in [CORE/cake/libs/configure.php, line 684]
2010-03-21 19:16:40 Warning: Warning (2): array_merge() [<a href='http://php.net/function.array-merge'>function.array-merge</a>]: Argument #1 is not an array in [CORE/cake/libs/configure.php, line 691]
2010-03-21 19:16:50 Warning: Warning (512): Cache not configured properly. Please check Cache::config(); in APP/config/core.php in [CORE/cake/libs/configure.php, line 663]
2010-03-21 19:16:50 Warning: Warning (2): array_merge() [<a href='http://php.net/function.array-merge'>function.array-merge</a>]: Argument #1 is not an array in [CORE/cake/libs/configure.php, line 684]
2010-03-21 19:16:50 Warning: Warning (2): array_merge() [<a href='http://php.net/function.array-merge'>function.array-merge</a>]: Argument #1 is not an array in [CORE/cake/libs/configure.php, line 691]
2010-04-02 15:30:45 Warning: Warning (2): Cannot modify header information - headers already sent by (output started at /data/15/1/46/78/1372567/user/1472365/htdocs/mitzvahday/cake/libs/debugger.php:512) in [CORE/cake/libs/controller/controller.php, line 644]
2010-04-04 00:59:50 Warning: Warning (2): Invalid argument supplied for foreach() in [APP/views/events/report.ctp, line 21]
2010-04-04 01:11:16 Warning: Warning (2): Invalid argument supplied for foreach() in [APP/views/events/report.ctp, line 21]
2010-04-04 01:14:58 Warning: Warning (2): Invalid argument supplied for foreach() in [APP/views/events/report.ctp, line 21]
2010-04-09 12:44:14 Warning: Warning (2): Cannot modify header information - headers already sent by (output started at /data/15/1/46/78/1372567/user/1472365/htdocs/mitzvahday/cake/libs/debugger.php:512) in [CORE/cake/libs/controller/controller.php, line 644]
2010-04-21 14:31:47 Warning: Warning (2): session_regenerate_id() [<a href='http://php.net/function.session-regenerate-id'>function.session-regenerate-id</a>]: Session object destruction failed in [CORE/cake/libs/session.php, line 600]
2010-04-22 21:36:29 Warning: Warning (2): mysql_connect() [<a href='http://php.net/function.mysql-connect'>function.mysql-connect</a>]: User mitzvah2010 already has more than 'max_user_connections' active connections in [CORE/cake/libs/model/datasources/dbo/dbo_mysql.php, line 374]
2010-04-22 21:36:29 Warning: Warning (2): mysql_select_db(): supplied argument is not a valid MySQL-Link resource in [CORE/cake/libs/model/datasources/dbo/dbo_mysql.php, line 379]
2010-04-22 21:36:29 Warning: Warning (2): mysql_get_server_info(): supplied argument is not a valid MySQL-Link resource in [CORE/cake/libs/model/datasources/dbo/dbo_mysql.php, line 387]
2010-04-22 21:36:29 Warning: Warning (2): mysql_connect() [<a href='http://php.net/function.mysql-connect'>function.mysql-connect</a>]: User mitzvah2010 already has more than 'max_user_connections' active connections in [CORE/cake/libs/model/datasources/dbo/dbo_mysql.php, line 374]
2010-04-22 21:36:29 Warning: Warning (2): mysql_select_db(): supplied argument is not a valid MySQL-Link resource in [CORE/cake/libs/model/datasources/dbo/dbo_mysql.php, line 379]
2010-04-22 21:36:29 Warning: Warning (2): mysql_get_server_info(): supplied argument is not a valid MySQL-Link resource in [CORE/cake/libs/model/datasources/dbo/dbo_mysql.php, line 387]
2010-04-22 21:36:30 Warning: Warning (2): mysql_connect() [<a href='http://php.net/function.mysql-connect'>function.mysql-connect</a>]: User mitzvah2010 already has more than 'max_user_connections' active connections in [CORE/cake/libs/model/datasources/dbo/dbo_mysql.php, line 374]
2010-04-22 21:36:38 Warning: Warning (2): mysql_select_db(): supplied argument is not a valid MySQL-Link resource in [CORE/cake/libs/model/datasources/dbo/dbo_mysql.php, line 379]
2010-04-22 21:36:38 Warning: Warning (2): mysql_query(): supplied argument is not a valid MySQL-Link resource in [CORE/cake/libs/model/datasources/dbo/dbo_mysql.php, line 411]
2010-04-22 21:36:38 Warning: Warning (2): mysql_get_server_info(): supplied argument is not a valid MySQL-Link resource in [CORE/cake/libs/model/datasources/dbo/dbo_mysql.php, line 387]
4-22 21:36:39 Warning: Warning (2): mysql_query(): supplied argument is not a valid MySQL-Link resource in [CORE/cake/libs/model/datasources/dbo/dbo_mysql.php, line 411]
2010-04-22 21:36:39 Warning: Warning (2): mysql_errno(): supplied argument is not a valid MySQL-Link resource in [CORE/cake/libs/model/datasources/dbo/dbo_mysql.php, line 521]
2010-04-22 21:36:39 Warning: Warning (2): mysql_get_server_info(): supplied argument is not a valid MySQL-Link resource in [CORE/cake/libs/model/datasources/dbo/dbo_mysql.php, line 387]
2010-04-22 21:36:39 Warning: Warning (2): mysql_errno(): supplied argument is not a valid MySQL-Link resource in [CORE/cake/libs/model/datasources/dbo/dbo_mysql.php, line 521]
2010-04-22 21:36:39 Warning: Warning (2): Invalid argument supplied for foreach() in [CORE/cake/libs/model/datasources/dbo/dbo_mysql.php, line 451]
2010-04-22 21:36:39 Warning: Warning (2): Invalid argument supplied for foreach() in [CORE/cake/libs/model/datasources/dbo/dbo_mysql.php, line 451]
2010-04-22 21:36:38 Warning: Warning (2): mysql_query(): supplied argument is not a valid MySQL-Link resource in [CORE/cake/libs/model/datasources/dbo/dbo_mysql.php, line 411]
2010-04-22 21:36:38 Warning: Warning (2): mysql_errno(): supplied argument is not a valid MySQL-Link resource in [CORE/cake/libs/model/datasources/dbo/dbo_mysql.php, line 521]
2010-04-22 21:36:38 Warning: Warning (2): Invalid argument supplied for foreach() in [CORE/cake/libs/model/datasources/dbo/dbo_mysql.php, line 451]
2010-04-22 21:36:39 Warning: Warning (2): mysql_connect() [<a href='http://php.net/function.mysql-connect'>function.mysql-connect</a>]: User mitzvah2010 already has more than 'max_user_connections' active connections in [CORE/cake/libs/model/datasources/dbo/dbo_mysql.php, line 374]
2010-04-22 21:36:39 Warning: Warning (2): mysql_connect() [<a href='http://php.net/function.mysql-connect'>function.mysql-connect</a>]: User mitzvah2010 already has more than 'max_user_connections' active connections in [CORE/cake/libs/model/datasources/dbo/dbo_mysql.php, line 374]
2010-04-22 21:36:41 Warning: Warning (2): mysql_select_db(): supplied argument is not a valid MySQL-Link resource in [CORE/cake/libs/model/datasources/dbo/dbo_mysql.php, line 379]
2010-04-22 21:36:41 Warning: Warning (2): mysql_select_db(): supplied argument is not a valid MySQL-Link resource in [CORE/cake/libs/model/datasources/dbo/dbo_mysql.php, line 379]
2010-04-22 21:36:41 Warning: Warning (2): mysql_get_server_info(): supplied argument is not a valid MySQL-Link resource in [CORE/cake/libs/model/datasources/dbo/dbo_mysql.php, line 387]
2010-04-22 21:36:41 Warning: Warning (2): mysql_get_server_info(): supplied argument is not a valid MySQL-Link resource in [CORE/cake/libs/model/datasources/dbo/dbo_mysql.php, line 387]
2010-04-22 21:36:41 Warning: Warning (2): mysql_query(): supplied argument is not a valid MySQL-Link resource in [CORE/cake/libs/model/datasources/dbo/dbo_mysql.php, line 411]
2010-04-22 21:36:41 Warning: Warning (2): mysql_query(): supplied argument is not a valid MySQL-Link resource in [CORE/cake/libs/model/datasources/dbo/dbo_mysql.php, line 411]
2010-04-22 21:36:42 Warning: Warning (2): mysql_query(): supplied argument is not a valid MySQL-Link resource in [CORE/cake/libs/model/datasources/dbo/dbo_mysql.php, line 411]
2010-04-22 21:36:56 Warning: Warning (2): mysql_connect() [<a href='http://php.net/function.mysql-connect'>function.mysql-connect</a>]: User mitzvah2010 already has more than 'max_user_connections' active connections in [CORE/cake/libs/model/datasources/dbo/dbo_mysql.php, line 374]
2010-04-22 21:36:56 Warning: Warning (2): mysql_connect() [<a href='http://php.net/function.mysql-connect'>function.mysql-connect</a>]: User mitzvah2010 already has more than 'max_user_connections' active connections in [CORE/cake/libs/model/datasources/dbo/dbo_mysql.php, line 374]
2010-04-22 21:36:56 Warning: Warning (2): mysql_select_db(): supplied argument is not a valid MySQL-Link resource in [CORE/cake/libs/model/datasources/dbo/dbo_mysql.php, line 379]
2010-04-22 21:36:57 Warning: Warning (2): mysql_connect() [<a href='http://php.net/function.mysql-connect'>function.mysql-connect</a>]: User mitzvah2010 already has more than 'max_user_connections' active connections in [CORE/cake/libs/model/datasources/dbo/dbo_mysql.php, line 374]
2010-04-22 21:36:56 Warning: Warning (2): mysql_select_db(): supplied argument is not a valid MySQL-Link resource in [CORE/cake/libs/model/datasources/dbo/dbo_mysql.php, line 379]
2010-04-22 21:36:56 Warning: Warning (2): mysql_connect() [<a href='http://php.net/function.mysql-connect'>function.mysql-connect</a>]: User mitzvah2010 already has more than 'max_user_connections' active connections in [CORE/cake/libs/model/datasources/dbo/dbo_mysql.php, line 374]
2010-04-22 21:36:56 Warning: Warning (2): mysql_select_db(): supplied argument is not a valid MySQL-Link resource in [CORE/cake/libs/model/datasources/dbo/dbo_mysql.php, line 379]
2010-04-22 21:36:56 Warning: Warning (2): mysql_get_server_info(): supplied argument is not a valid MySQL-Link resource in [CORE/cake/libs/model/datasources/dbo/dbo_mysql.php, line 387]
2010-04-22 21:36:57 Warning: Warning (2): mysql_select_db(): supplied argument is not a valid MySQL-Link resource in [CORE/cake/libs/model/datasources/dbo/dbo_mysql.php, line 379]
2010-04-22 21:36:57 Warning: Warning (2): mysql_get_server_info(): supplied argument is not a valid MySQL-Link resource in [CORE/cake/libs/model/datasources/dbo/dbo_mysql.php, line2010-04-22 21:36:56 Warning: Warning (2): mysql_get_server_info(): supplied argument is not a valid MySQL-Link resource in [CORE/cake/libs/model/datasources/dbo/dbo_mysql.php, line 387]
2010-04-22 21:36:56 Warning: Warning (2): mysql_get_server_info(): supplied argument is not a valid MySQL-Link resource in [CORE/cake/libs/model/datasources/dbo/dbo_mysql.php, line 387]
2010-04-22 21:36:56 Warning: Warning (2): mysql_get_server_info(): supplied argument is not a valid MySQL-Link resource in [CORE/cake/libs/model/datasources/dbo/dbo_mysql.php, line 387]
2010-04-22 21:37:01 Warning: Warning (2): mysql_query(): supplied argument is not a valid MySQL-Link resource in [CORE/cake/libs/model/datasources/dbo/dbo_mysql.php, line 411]
2010-04-22 21:37:00 Warning: Warning (2): mysql_query(): supplied argument is not a valid MySQL-Link resource in [CORE/cake/libs/model/datasources/dbo/dbo_mysql.php, line 411]
2010-04-22 21:37:00 Warning: Warning (2): mysql_query(): supplied argument is not a valid MySQL-Link resource in [CORE/cake/libs/model/datasources/dbo/dbo_mysql.php, line 411]
2010-04-22 21:37:00 Warning: Warning (2): mysql_query(): supplied argument is not a valid MySQL-Link resource in [CORE/cake/libs/model/datasources/dbo/dbo_mysql.php, line 411]
2010-04-22 21:37:00 Warning: Warning (2): mysql_query(): supplied argument is not a valid MySQL-Link resource in [CORE/cake/libs/model/datasources/dbo/dbo_mysql.php, line 411]
2010-04-22 21:37:07 Warning: Warning (2): Invalid argument supplied for foreach() in [CORE/cake/libs/view/helpers/form.php, line 128]
2010-04-22 21:37:10 Warning: Warning (2): Invalid argument supplied for foreach() in [CORE/cake/libs/view/helpers/form.php, line 128]
2010-04-22 21:37:11 Warning: Warning (2): Invalid argument supplied for foreach() in [APP/views/people/registration.ctp, line 52]
2010-04-22 21:37:11 Warning: Warning (2): Invalid argument supplied for foreach() in [APP/views/people/registration.ctp, line 56]
2010-04-22 21:37:10 Warning: Warning (2): Invalid argument supplied for foreach() in [APP/views/people/registration.ctp, line 52]
2010-04-22 21:37:10 Warning: Warning (2): Invalid argument supplied for foreach() in [APP/views/people/registration.ctp, line 56]
2010-04-22 21:37:11 Warning: Warning (2): Invalid argument supplied for foreach() in [APP/views/people/registration.ctp, line 52]
2010-04-22 21:37:11 Warning: Warning (2): Invalid argument supplied for foreach() in [APP/views/people/registration.ctp, line 56]
2010-04-22 21:37:14 Warning: Warning (2): session_start() [<a href='http://php.net/function.session-start'>function.session-start</a>]: read failed: Stale NFS file handle (116) in [CORE/cake/libs/session.php, line 540]
2010-04-22 21:37:14 Warning: Warning (2): session_start() [<a href='http://php.net/function.session-start'>function.session-start</a>]: Cannot send session cache limiter - headers already sent (output started at /data/15/1/46/78/1372567/user/1472365/htdocs/mitzvahday/cake/basics.php:307) in [CORE/cake/libs/session.php, line 540]
2010-04-22 21:37:14 Warning: Warning (2): Cannot modify header information - headers already sent by (output started at /data/15/1/46/78/1372567/user/1472365/htdocs/mitzvahday/cake/basics.php:307) in [CORE/cake/libs/session.php, line 541]
2010-04-22 21:40:35 Warning: Warning (512): <span style = "color:Red;text-align:left"><b>SQL Error:</b> 2006: MySQL server has gone away</span> in [CORE/cake/libs/model/datasources/dbo_source.php, line 525]
2010-04-22 21:40:35 Warning: Warning (2): Invalid argument supplied for foreach() in [APP/views/people/registration.ctp, line 52]
2010-04-22 21:40:35 Warning: Warning (2): Invalid argument supplied for foreach() in [APP/views/people/registration.ctp, line 56]
2010-05-05 18:22:32 Warning: Warning (2): session_start() [<a href='http://php.net/function.session-start'>function.session-start</a>]: open(/data/tmp/sess_7e51c47daa4531d2aea6601db728f64b, O_RDWR) failed: Permission denied (13) in [CORE/cake/libs/session.php, line 540]
2010-05-05 18:22:32 Warning: Warning (2): session_start() [<a href='http://php.net/function.session-start'>function.session-start</a>]: Cannot send session cache limiter - headers already sent (output started at /data/15/1/46/78/1372567/user/1472365/htdocs/mitzvahday/cake/basics.php:307) in [CORE/cake/libs/session.php, line 540]
2010-05-05 18:22:33 Warning: Warning (2): Cannot modify header information - headers already sent by (output started at /data/15/1/46/78/1372567/user/1472365/htdocs/mitzvahday/cake/basics.php:307) in [CORE/cake/libs/session.php, line 541]
2010-05-05 18:22:36 Warning: Warning (2): Unknown: open(/data/tmp/sess_7e51c47daa4531d2aea6601db728f64b, O_RDWR) failed: Permission denied (13) in [Unknown, line ??]
2010-05-05 18:22:36 Warning: Warning (2): Unknown: Failed to write session data (files). Please verify that the current setting of session.save_path is correct (/data/tmp) in [Unknown, line ??]
2010-05-05 18:32:32 Warning: Warning (2): session_start() [<a href='http://php.net/function.session-start'>function.session-start</a>]: open(/data/tmp/sess_62233ae2abf23026077388facfe90202, O_RDWR) failed: Permission denied (13) in [CORE/cake/libs/session.php, line 540]
2010-05-05 18:32:33 Warning: Warning (2): session_start() [<a href='http://php.net/function.session-start'>function.session-start</a>]: Cannot send session cookie - headers already sent by (output started at /data/15/1/46/78/1372567/user/1472365/htdocs/mitzvahday/cake/basics.php:307) in [CORE/cake/libs/session.php, line 540]
2010-05-05 18:32:33 Warning: Warning (2): session_start() [<a href='http://php.net/function.session-start'>function.session-start</a>]: Cannot send session cache limiter - headers already sent (output started at /data/15/1/46/78/1372567/user/1472365/htdocs/mitzvahday/cake/basics.php:307) in [CORE/cake/libs/session.php, line 540]
2010-05-05 18:32:33 Warning: Warning (2): Cannot modify header information - headers already sent by (output started at /data/15/1/46/78/1372567/user/1472365/htdocs/mitzvahday/cake/basics.php:307) in [CORE/cake/libs/session.php, line 541]
2010-05-05 18:32:33 Warning: Warning (2): Unknown: open(/data/tmp/sess_62233ae2abf23026077388facfe90202, O_RDWR) failed: Permission denied (13) in [Unknown, line ??]
2010-05-05 18:32:33 Warning: Warning (2): Unknown: Failed to write session data (files). Please verify that the current setting of session.save_path is correct (/data/tmp) in [Unknown, line ??]
2010-05-05 18:32:33 Warning: Warning (2): session_start() [<a href='http://php.net/function.session-start'>function.session-start</a>]: open(/data/tmp/sess_a108ba93b12731f199676cfb05ab99e2, O_RDWR) failed: Permission denied (13) in [CORE/cake/libs/session.php, line 540]
2010-05-05 18:32:33 Warning: Warning (2): session_start() [<a href='http://php.net/function.session-start'>function.session-start</a>]: Cannot send session cookie - headers already sent by (output started at /data/15/1/46/78/1372567/user/1472365/htdocs/mitzvahday/cake/basics.php:307) in [CORE/cake/libs/session.php, line 540]
2010-05-05 18:32:33 Warning: Warning (2): session_start() [<a href='http://php.net/function.session-start'>function.session-start</a>]: Cannot send session cache limiter - headers already sent (output started at /data/15/1/46/78/1372567/user/1472365/htdocs/mitzvahday/cake/basics.php:307) in [CORE/cake/libs/session.php, line 540]
2010-05-05 18:32:33 Warning: Warning (2): Cannot modify header information - headers already sent by (output started at /data/15/1/46/78/1372567/user/1472365/htdocs/mitzvahday/cake/basics.php:307) in [CORE/cake/libs/session.php, line 541]
2010-05-05 18:32:34 Warning: Warning (2): Unknown: open(/data/tmp/sess_a108ba93b12731f199676cfb05ab99e2, O_RDWR) failed: Permission denied (13) in [Unknown, line ??]
2010-05-05 18:32:34 Warning: Warning (2): Unknown: Failed to write session data (files). Please verify that the current setting of session.save_path is correct (/data/tmp) in [Unknown, line ??]
2010-05-05 18:33:06 Warning: Warning (2): session_start() [<a href='http://php.net/function.session-start'>function.session-start</a>]: open(/data/tmp/sess_00203e526efadc86f7c3635d86f6cf06, O_RDWR) failed: Permission denied (13) in [CORE/cake/libs/session.php, line 540]
2010-05-05 18:33:06 Warning: Warning (2): session_start() [<a href='http://php.net/function.session-start'>function.session-start</a>]: Cannot send session cookie - headers already sent by (output started at /data/15/1/46/78/1372567/user/1472365/htdocs/mitzvahday/cake/basics.php:307) in [CORE/cake/libs/session.php, line 540]
2010-05-05 18:33:06 Warning: Warning (2): session_start() [<a href='http://php.net/function.session-start'>function.session-start</a>]: Cannot send session cache limiter - headers already sent (output started at /data/15/1/46/78/1372567/user/1472365/htdocs/mitzvahday/cake/basics.php:307) in [CORE/cake/libs/session.php, line 540]
2010-05-05 18:33:06 Warning: Warning (2): Cannot modify header information - headers already sent by (output started at /data/15/1/46/78/1372567/user/1472365/htdocs/mitzvahday/cake/basics.php:307) in [CORE/cake/libs/session.php, line 541]
2010-05-05 18:33:07 Warning: Warning (2): Unknown: open(/data/tmp/sess_00203e526efadc86f7c3635d86f6cf06, O_RDWR) failed: Permission denied (13) in [Unknown, line ??]
2010-05-05 18:33:07 Warning: Warning (2): Unknown: Failed to write session data (files). Please verify that the current setting of session.save_path is correct (/data/tmp) in [Unknown, line ??]
2010-05-05 18:33:08 Warning: Warning (2): session_start() [<a href='http://php.net/function.session-start'>function.session-start</a>]: open(/data/tmp/sess_3acb83fa3442afde1397cfe45c15fc44, O_RDWR) failed: Permission denied (13) in [CORE/cake/libs/session.php, line 540]
2010-05-05 18:33:08 Warning: Warning (2): session_start() [<a href='http://php.net/function.session-start'>function.session-start</a>]: Cannot send session cookie - headers already sent by (output started at /data/15/1/46/78/1372567/user/1472365/htdocs/mitzvahday/cake/basics.php:307) in [CORE/cake/libs/session.php, line 540]
2010-05-05 18:33:08 Warning: Warning (2): session_start() [<a href='http://php.net/function.session-start'>function.session-start</a>]: Cannot send session cache limiter - headers already sent (output started at /data/15/1/46/78/1372567/user/1472365/htdocs/mitzvahday/cake/basics.php:307) in [CORE/cake/libs/session.php, line 540]
2010-05-05 18:33:08 Warning: Warning (2): Cannot modify header information - headers already sent by (output started at /data/15/1/46/78/1372567/user/1472365/htdocs/mitzvahday/cake/basics.php:307) in [CORE/cake/libs/session.php, line 541]
2010-05-05 18:33:08 Warning: Warning (2): Unknown: open(/data/tmp/sess_3acb83fa3442afde1397cfe45c15fc44, O_RDWR) failed: Permission denied (13) in [Unknown, line ??]
2010-05-05 18:33:08 Warning: Warning (2): Unknown: Failed to write session data (files). Please verify that the current setting of session.save_path is correct (/data/tmp) in [Unknown, line ??]
2010-05-05 18:33:32 Warning: Warning (2): session_start() [<a href='http://php.net/function.session-start'>function.session-start</a>]: open(/data/tmp/sess_4e9be674e1e77425c74f0b3f99451cae, O_RDWR) failed: Permission denied (13) in [CORE/cake/libs/session.php, line 540]
2010-05-05 18:33:32 Warning: Warning (2): session_start() [<a href='http://php.net/function.session-start'>function.session-start</a>]: Cannot send session cookie - headers already sent by (output started at /data/15/1/46/78/1372567/user/1472365/htdocs/mitzvahday/cake/basics.php:307) in [CORE/cake/libs/session.php, line 540]
2010-05-05 18:33:32 Warning: Warning (2): session_start() [<a href='http://php.net/function.session-start'>function.session-start</a>]: Cannot send session cache limiter - headers already sent (output started at /data/15/1/46/78/1372567/user/1472365/htdocs/mitzvahday/cake/basics.php:307) in [CORE/cake/libs/session.php, line 540]
2010-05-05 18:33:32 Warning: Warning (2): Cannot modify header information - headers already sent by (output started at /data/15/1/46/78/1372567/user/1472365/htdocs/mitzvahday/cake/basics.php:307) in [CORE/cake/libs/session.php, line 541]
2010-05-05 18:33:32 Warning: Warning (2): Unknown: open(/data/tmp/sess_4e9be674e1e77425c74f0b3f99451cae, O_RDWR) failed: Permission denied (13) in [Unknown, line ??]
2010-05-05 18:33:32 Warning: Warning (2): Unknown: Failed to write session data (files). Please verify that the current setting of session.save_path is correct (/data/tmp) in [Unknown, line ??]
2010-05-05 18:33:33 Warning: Warning (2): session_start() [<a href='http://php.net/function.session-start'>function.session-start</a>]: open(/data/tmp/sess_565a4866cae332417cbb41fa2b67499e, O_RDWR) failed: Permission denied (13) in [CORE/cake/libs/session.php, line 540]
2010-05-05 18:33:33 Warning: Warning (2): session_start() [<a href='http://php.net/function.session-start'>function.session-start</a>]: Cannot send session cookie - headers already sent by (output started at /data/15/1/46/78/1372567/user/1472365/htdocs/mitzvahday/cake/basics.php:307) in [CORE/cake/libs/session.php, line 540]
2010-05-05 18:33:33 Warning: Warning (2): session_start() [<a href='http://php.net/function.session-start'>function.session-start</a>]: Cannot send session cache limiter - headers already sent (output started at /data/15/1/46/78/1372567/user/1472365/htdocs/mitzvahday/cake/basics.php:307) in [CORE/cake/libs/session.php, line 540]
2010-05-05 18:33:33 Warning: Warning (2): Cannot modify header information - headers already sent by (output started at /data/15/1/46/78/1372567/user/1472365/htdocs/mitzvahday/cake/basics.php:307) in [CORE/cake/libs/session.php, line 541]
2010-05-05 18:33:33 Warning: Warning (2): Unknown: open(/data/tmp/sess_565a4866cae332417cbb41fa2b67499e, O_RDWR) failed: Permission denied (13) in [Unknown, line ??]
2010-05-05 18:33:33 Warning: Warning (2): Unknown: Failed to write session data (files). Please verify that the current setting of session.save_path is correct (/data/tmp) in [Unknown, line ??]
2010-05-06 13:33:36 Warning: Warning (2): session_start() [<a href='http://php.net/function.session-start'>function.session-start</a>]: open(/data/tmp/sess_9d9fb7f8a15067e12d0a259be1a36f93, O_RDWR) failed: Permission denied (13) in [CORE/cake/libs/session.php, line 540]
2010-05-06 13:33:36 Warning: Warning (2): Unknown: open(/data/tmp/sess_9d9fb7f8a15067e12d0a259be1a36f93, O_RDWR) failed: Permission denied (13) in [Unknown, line ??]
2010-05-06 13:33:36 Warning: Warning (2): Unknown: Failed to write session data (files). Please verify that the current setting of session.save_path is correct (/data/tmp) in [Unknown, line ??]
